<?xml version="1.0" encoding="UTF-8"?>
<testng-results skipped="0" failed="0" ignored="0" total="1" passed="1">
  <reporter-output>
  </reporter-output>
  <suite name="Default suite" duration-ms="1620" started-at="2020-05-10T00:11:08 IST" finished-at="2020-05-10T00:11:10 IST">
    <groups>
    </groups>
    <test name="Default test" duration-ms="1620" started-at="2020-05-10T00:11:08 IST" finished-at="2020-05-10T00:11:10 IST">
      <class name="com.qa.tests.PostAPITest">
        <test-method status="PASS" signature="setup()[pri:0, instance:com.qa.tests.PostAPITest@67784306]" name="setup" is-config="true" duration-ms="5" started-at="2020-05-10T00:11:08 IST" finished-at="2020-05-10T00:11:08 IST">
          <reporter-output>
          </reporter-output>
        </test-method> <!-- setup -->
        <test-method status="PASS" signature="postAPITest()[pri:0, instance:com.qa.tests.PostAPITest@67784306]" name="postAPITest" duration-ms="1586" started-at="2020-05-10T00:11:08 IST" finished-at="2020-05-10T00:11:09 IST">
          <reporter-output>
          </reporter-output>
        </test-method> <!-- postAPITest -->
      </class> <!-- com.qa.tests.PostAPITest -->
    </test> <!-- Default test -->
  </suite> <!-- Default suite -->
</testng-results>
